<?xml version="1.0" encoding="UTF-8"?>
<!-- Generated by org.testng.reporters.JUnitReportReporter -->
<testsuite skipped="0" hostname="BALAGANESH" name="Testscripte" tests="2" failures="0" timestamp="07 Aug 2019 13:55:34 GMT" time="30.789" errors="0">
  <testcase name="Signin" time="29.065" classname="Testscripte"/>
  <testcase name="Share" time="1.724" classname="Testscripte"/>
</testsuite> <!-- Testscripte -->
